<?xml version="1.0" encoding="UTF-8"?>
<!-- Generated by org.testng.reporters.JUnitReportReporter -->
<testsuite hostname="WalkingTree" failures="0" tests="1" name="Test" time="3.655" errors="0" timestamp="2024-07-03T16:19:44 IST" skipped="0">
  <testcase classname="Test" name="m1" time="3.655"/>
  <system-out/>
</testsuite> <!-- Test -->
