<?xml version="1.0" encoding="UTF-8"?>
<!-- Generated by org.testng.reporters.JUnitReportReporter -->
<testsuite hostname="WalkingTree" failures="0" tests="2" name="Practice" time="0.006" errors="0" timestamp="2024-07-03T17:23:37 IST" skipped="0">
  <testcase classname="Practice" name="m10" time="0.001"/>
  <system-out/>
  <testcase classname="Practice" name="m1" time="0.005"/>
  <system-out/>
</testsuite> <!-- Practice -->
