<?xml version="1.0" encoding="UTF-8"?>
<!-- Generated by org.testng.reporters.JUnitReportReporter -->
<testsuite hostname="WalkingTree" failures="0" tests="1" name="com.orange.baselibrary.SampleTest" time="5.864" errors="0" timestamp="2024-07-10T16:27:53 IST" skipped="0">
  <testcase classname="com.orange.baselibrary.SampleTest" name="elements" time="5.864"/>
  <system-out/>
</testsuite> <!-- com.orange.baselibrary.SampleTest -->
