<?xml version="1.0" encoding="UTF-8"?>
<!-- Generated by org.testng.reporters.JUnitReportReporter -->
<testsuite hostname="WalkingTree" failures="0" tests="1" name="com.orangehrm.test.TestCase03" time="61.289" errors="0" timestamp="2024-07-11T19:17:10 IST" skipped="0">
  <testcase classname="com.orangehrm.test.TestCase03" name="updatecontactone" time="61.289"/>
  <system-out/>
</testsuite> <!-- com.orangehrm.test.TestCase03 -->
