<?xml version="1.0" encoding="UTF-8"?>
<!-- Generated by org.testng.reporters.JUnitReportReporter -->
<testsuite hostname="WalkingTree" failures="0" tests="1" name="Test.Sample" time="2.497" errors="0" timestamp="2024-07-09T17:14:27 IST" skipped="0">
  <testcase classname="Test.Sample" name="m1" time="2.497"/>
  <system-out/>
</testsuite> <!-- Test.Sample -->
